<?xml version="1.0" encoding="UTF-8"?>
<testsuite name="TicTacToeTest" tests="1" skipped="0" failures="0" errors="0" timestamp="2023-10-09T22:19:29" hostname="nocs-MacBook-Pro.local" time="2.755">
  <properties/>
  <testcase name="start" classname="TicTacToeTest" time="2.755"/>
  <system-out><![CDATA[?[1;31m
Start test 1?[0m
input command: > start
Bad parameters!
input command: > start easy
Bad parameters!
input command: > exit
?[1;31m
Start test 2?[0m
input command: > start user easy
---------
|       |
|       |
|       |
---------
Enter the coordinates: > 2 2
---------
|       |
|   X   |
|       |
---------
Making move level "easy" 
---------
|       |
|   X   |
|   O   |
---------
Enter the coordinates: > 1 1
---------
| X     |
|   X   |
|   O   |
---------
Making move level "easy" 
---------
| X     |
|   X   |
| O O   |
---------
Enter the coordinates: > 3 3
---------
| X     |
|   X   |
| O O X |
---------
X wins
?[1;31m
Start test 3?[0m
input command: > start user easy
---------
|       |
|       |
|       |
---------
Enter the coordinates: > 2 2
---------
|       |
|   X   |
|       |
---------
Making move level "easy" 
---------
|       |
|   X   |
|   O   |
---------
?[1;31m
Start test 4?[0m
input command: > start user easy
---------
|       |
|       |
|       |
---------
Enter the coordinates: > 2 2
---------
|       |
|   X   |
|       |
---------
Making move level "easy" 
---------
|       |
| O X   |
|       |
---------
?[1;31m
Start test 5?[0m
input command: > start user easy
---------
|       |
|       |
|       |
---------
Enter the coordinates: > 2 2
---------
|       |
|   X   |
|       |
---------
Making move level "easy" 
---------
|       |
|   X O |
|       |
---------
?[1;31m
Start test 6?[0m
input command: > start user easy
---------
|       |
|       |
|       |
---------
Enter the coordinates: > 2 2
---------
|       |
|   X   |
|       |
---------
Making move level "easy" 
---------
|   O   |
|   X   |
|       |
---------
?[1;31m
Start test 7?[0m
input command: > start user easy
---------
|       |
|       |
|       |
---------
Enter the coordinates: > 2 2
---------
|       |
|   X   |
|       |
---------
Making move level "easy" 
---------
|   O   |
|   X   |
|       |
---------
?[1;31m
Start test 8?[0m
input command: > start user easy
---------
|       |
|       |
|       |
---------
Enter the coordinates: > 2 2
---------
|       |
|   X   |
|       |
---------
Making move level "easy" 
---------
|       |
|   X   |
|   O   |
---------
?[1;31m
Start test 9?[0m
input command: > start user easy
---------
|       |
|       |
|       |
---------
Enter the coordinates: > 2 2
---------
|       |
|   X   |
|       |
---------
Making move level "easy" 
---------
|       |
| O X   |
|       |
---------
?[1;31m
Start test 10?[0m
input command: > start user easy
---------
|       |
|       |
|       |
---------
Enter the coordinates: > 2 2
---------
|       |
|   X   |
|       |
---------
Making move level "easy" 
---------
|       |
| O X   |
|       |
---------
?[1;31m
Start test 11?[0m
input command: > start user easy
---------
|       |
|       |
|       |
---------
Enter the coordinates: > 2 2
---------
|       |
|   X   |
|       |
---------
Making move level "easy" 
---------
|       |
| O X   |
|       |
---------
?[1;31m
Start test 12?[0m
input command: > start user easy
---------
|       |
|       |
|       |
---------
Enter the coordinates: > 2 2
---------
|       |
|   X   |
|       |
---------
Making move level "easy" 
---------
|   O   |
|   X   |
|       |
---------
?[1;31m
Start test 13?[0m
input command: > start user easy
---------
|       |
|       |
|       |
---------
Enter the coordinates: > 2 2
---------
|       |
|   X   |
|       |
---------
Making move level "easy" 
---------
|       |
|   X   |
|   O   |
---------
?[1;31m
Start test 14?[0m
input command: > start user easy
---------
|       |
|       |
|       |
---------
Enter the coordinates: > 2 2
---------
|       |
|   X   |
|       |
---------
Making move level "easy" 
---------
|       |
|   X   |
|     O |
---------
?[1;31m
Start test 15?[0m
input command: > start user easy
---------
|       |
|       |
|       |
---------
Enter the coordinates: > 2 2
---------
|       |
|   X   |
|       |
---------
Making move level "easy" 
---------
|       |
|   X   |
|     O |
---------
?[1;31m
Start test 16?[0m
input command: > start user easy
---------
|       |
|       |
|       |
---------
Enter the coordinates: > 2 2
---------
|       |
|   X   |
|       |
---------
Making move level "easy" 
---------
|       |
| O X   |
|       |
---------
?[1;31m
Start test 17?[0m
input command: > start user easy
---------
|       |
|       |
|       |
---------
Enter the coordinates: > 2 2
---------
|       |
|   X   |
|       |
---------
Making move level "easy" 
---------
| O     |
|   X   |
|       |
---------
?[1;31m
Start test 18?[0m
input command: > start user easy
---------
|       |
|       |
|       |
---------
Enter the coordinates: > 2 2
---------
|       |
|   X   |
|       |
---------
Making move level "easy" 
---------
|       |
| O X   |
|       |
---------
?[1;31m
Start test 19?[0m
input command: > start user easy
---------
|       |
|       |
|       |
---------
Enter the coordinates: > 2 2
---------
|       |
|   X   |
|       |
---------
Making move level "easy" 
---------
|     O |
|   X   |
|       |
---------
?[1;31m
Start test 20?[0m
input command: > start user easy
---------
|       |
|       |
|       |
---------
Enter the coordinates: > 2 2
---------
|       |
|   X   |
|       |
---------
Making move level "easy" 
---------
|       |
| O X   |
|       |
---------
?[1;31m
Start test 21?[0m
input command: > start user easy
---------
|       |
|       |
|       |
---------
Enter the coordinates: > 2 2
---------
|       |
|   X   |
|       |
---------
Making move level "easy" 
---------
|       |
|   X O |
|       |
---------
?[1;31m
Start test 22?[0m
input command: > start user easy
---------
|       |
|       |
|       |
---------
Enter the coordinates: > 2 2
---------
|       |
|   X   |
|       |
---------
Making move level "easy" 
---------
| O     |
|   X   |
|       |
---------
?[1;31m
Start test 23?[0m
input command: > start user easy
---------
|       |
|       |
|       |
---------
Enter the coordinates: > 2 2
---------
|       |
|   X   |
|       |
---------
Making move level "easy" 
---------
| O     |
|   X   |
|       |
---------
?[1;31m
Start test 24?[0m
input command: > start user easy
---------
|       |
|       |
|       |
---------
Enter the coordinates: > 2 2
---------
|       |
|   X   |
|       |
---------
Making move level "easy" 
---------
|       |
| O X   |
|       |
---------
?[1;31m
Start test 25?[0m
input command: > start user easy
---------
|       |
|       |
|       |
---------
Enter the coordinates: > 2 2
---------
|       |
|   X   |
|       |
---------
Making move level "easy" 
---------
|       |
|   X   |
|   O   |
---------
?[1;31m
Start test 26?[0m
input command: > start user easy
---------
|       |
|       |
|       |
---------
Enter the coordinates: > 2 2
---------
|       |
|   X   |
|       |
---------
Making move level "easy" 
---------
|     O |
|   X   |
|       |
---------
?[1;31m
Start test 27?[0m
input command: > start user easy
---------
|       |
|       |
|       |
---------
Enter the coordinates: > 2 2
---------
|       |
|   X   |
|       |
---------
Making move level "easy" 
---------
|   O   |
|   X   |
|       |
---------
?[1;31m
Start test 28?[0m
input command: > start user easy
---------
|       |
|       |
|       |
---------
Enter the coordinates: > 2 2
---------
|       |
|   X   |
|       |
---------
Making move level "easy" 
---------
|       |
|   X O |
|       |
---------
?[1;31m
Start test 29?[0m
input command: > start user easy
---------
|       |
|       |
|       |
---------
Enter the coordinates: > 2 2
---------
|       |
|   X   |
|       |
---------
Making move level "easy" 
---------
|       |
|   X   |
| O     |
---------
?[1;31m
Start test 30?[0m
input command: > start user easy
---------
|       |
|       |
|       |
---------
Enter the coordinates: > 2 2
---------
|       |
|   X   |
|       |
---------
Making move level "easy" 
---------
|       |
|   X   |
|   O   |
---------
?[1;31m
Start test 31?[0m
input command: > start user easy
---------
|       |
|       |
|       |
---------
Enter the coordinates: > 2 2
---------
|       |
|   X   |
|       |
---------
Making move level "easy" 
---------
|       |
|   X   |
|     O |
---------
?[1;31m
Start test 32?[0m
input command: > start user easy
---------
|       |
|       |
|       |
---------
Enter the coordinates: > 2 2
---------
|       |
|   X   |
|       |
---------
Making move level "easy" 
---------
|       |
|   X   |
|     O |
---------
?[1;31m
Start test 33?[0m
input command: > start user easy
---------
|       |
|       |
|       |
---------
Enter the coordinates: > 2 2
---------
|       |
|   X   |
|       |
---------
Making move level "easy" 
---------
|       |
|   X   |
| O     |
---------
?[1;31m
Start test 34?[0m
input command: > start user easy
---------
|       |
|       |
|       |
---------
Enter the coordinates: > 2 2
---------
|       |
|   X   |
|       |
---------
Making move level "easy" 
---------
| O     |
|   X   |
|       |
---------
?[1;31m
Start test 35?[0m
input command: > start user easy
---------
|       |
|       |
|       |
---------
Enter the coordinates: > 2 2
---------
|       |
|   X   |
|       |
---------
Making move level "easy" 
---------
|     O |
|   X   |
|       |
---------
?[1;31m
Start test 36?[0m
input command: > start user easy
---------
|       |
|       |
|       |
---------
Enter the coordinates: > 2 2
---------
|       |
|   X   |
|       |
---------
Making move level "easy" 
---------
|   O   |
|   X   |
|       |
---------
?[1;31m
Start test 37?[0m
input command: > start user easy
---------
|       |
|       |
|       |
---------
Enter the coordinates: > 2 2
---------
|       |
|   X   |
|       |
---------
Making move level "easy" 
---------
| O     |
|   X   |
|       |
---------
?[1;31m
Start test 38?[0m
input command: > start user easy
---------
|       |
|       |
|       |
---------
Enter the coordinates: > 2 2
---------
|       |
|   X   |
|       |
---------
Making move level "easy" 
---------
|       |
| O X   |
|       |
---------
?[1;31m
Start test 39?[0m
input command: > start user easy
---------
|       |
|       |
|       |
---------
Enter the coordinates: > 2 2
---------
|       |
|   X   |
|       |
---------
Making move level "easy" 
---------
|   O   |
|   X   |
|       |
---------
?[1;31m
Start test 40?[0m
input command: > start user easy
---------
|       |
|       |
|       |
---------
Enter the coordinates: > 2 2
---------
|       |
|   X   |
|       |
---------
Making move level "easy" 
---------
|       |
|   X   |
| O     |
---------
?[1;31m
Start test 41?[0m
input command: > start user easy
---------
|       |
|       |
|       |
---------
Enter the coordinates: > 2 2
---------
|       |
|   X   |
|       |
---------
Making move level "easy" 
---------
|       |
|   X   |
|     O |
---------
?[1;31m
Start test 42?[0m
input command: > start user easy
---------
|       |
|       |
|       |
---------
Enter the coordinates: > 2 2
---------
|       |
|   X   |
|       |
---------
Making move level "easy" 
---------
|     O |
|   X   |
|       |
---------
?[1;31m
Start test 43?[0m
input command: > start user easy
---------
|       |
|       |
|       |
---------
Enter the coordinates: > 2 2
---------
|       |
|   X   |
|       |
---------
Making move level "easy" 
---------
|       |
|   X   |
|   O   |
---------
?[1;31m
Start test 44?[0m
input command: > start user easy
---------
|       |
|       |
|       |
---------
Enter the coordinates: > 2 2
---------
|       |
|   X   |
|       |
---------
Making move level "easy" 
---------
|       |
| O X   |
|       |
---------
?[1;31m
Start test 45?[0m
input command: > start user easy
---------
|       |
|       |
|       |
---------
Enter the coordinates: > 2 2
---------
|       |
|   X   |
|       |
---------
Making move level "easy" 
---------
|       |
|   X O |
|       |
---------
?[1;31m
Start test 46?[0m
input command: > start user easy
---------
|       |
|       |
|       |
---------
Enter the coordinates: > 2 2
---------
|       |
|   X   |
|       |
---------
Making move level "easy" 
---------
|       |
| O X   |
|       |
---------
?[1;31m
Start test 47?[0m
input command: > start user easy
---------
|       |
|       |
|       |
---------
Enter the coordinates: > 2 2
---------
|       |
|   X   |
|       |
---------
Making move level "easy" 
---------
| O     |
|   X   |
|       |
---------
?[1;31m
Start test 48?[0m
input command: > start user easy
---------
|       |
|       |
|       |
---------
Enter the coordinates: > 2 2
---------
|       |
|   X   |
|       |
---------
Making move level "easy" 
---------
|       |
|   X   |
|   O   |
---------
?[1;31m
Start test 49?[0m
input command: > start user easy
---------
|       |
|       |
|       |
---------
Enter the coordinates: > 2 2
---------
|       |
|   X   |
|       |
---------
Making move level "easy" 
---------
|     O |
|   X   |
|       |
---------
?[1;31m
Start test 50?[0m
input command: > start user easy
---------
|       |
|       |
|       |
---------
Enter the coordinates: > 2 2
---------
|       |
|   X   |
|       |
---------
Making move level "easy" 
---------
|       |
|   X   |
|     O |
---------
?[1;31m
Start test 51?[0m
input command: > start user easy
---------
|       |
|       |
|       |
---------
Enter the coordinates: > 2 2
---------
|       |
|   X   |
|       |
---------
Making move level "easy" 
---------
|       |
|   X   |
| O     |
---------
?[1;31m
Start test 52?[0m
input command: > start user easy
---------
|       |
|       |
|       |
---------
Enter the coordinates: > 2 2
---------
|       |
|   X   |
|       |
---------
Making move level "easy" 
---------
|       |
|   X   |
|     O |
---------
?[1;31m
Start test 53?[0m
input command: > start user easy
---------
|       |
|       |
|       |
---------
Enter the coordinates: > 2 2
---------
|       |
|   X   |
|       |
---------
Making move level "easy" 
---------
|   O   |
|   X   |
|       |
---------
?[1;31m
Start test 54?[0m
input command: > start user easy
---------
|       |
|       |
|       |
---------
Enter the coordinates: > 2 2
---------
|       |
|   X   |
|       |
---------
Making move level "easy" 
---------
| O     |
|   X   |
|       |
---------
?[1;31m
Start test 55?[0m
input command: > start user easy
---------
|       |
|       |
|       |
---------
Enter the coordinates: > 2 2
---------
|       |
|   X   |
|       |
---------
Making move level "easy" 
---------
|       |
|   X   |
|   O   |
---------
?[1;31m
Start test 56?[0m
input command: > start user easy
---------
|       |
|       |
|       |
---------
Enter the coordinates: > 2 2
---------
|       |
|   X   |
|       |
---------
Making move level "easy" 
---------
|       |
|   X   |
|   O   |
---------
?[1;31m
Start test 57?[0m
input command: > start user easy
---------
|       |
|       |
|       |
---------
Enter the coordinates: > 2 2
---------
|       |
|   X   |
|       |
---------
Making move level "easy" 
---------
|       |
|   X   |
| O     |
---------
?[1;31m
Start test 58?[0m
input command: > start user easy
---------
|       |
|       |
|       |
---------
Enter the coordinates: > 2 2
---------
|       |
|   X   |
|       |
---------
Making move level "easy" 
---------
|       |
|   X   |
|     O |
---------
?[1;31m
Start test 59?[0m
input command: > start user easy
---------
|       |
|       |
|       |
---------
Enter the coordinates: > 2 2
---------
|       |
|   X   |
|       |
---------
Making move level "easy" 
---------
|       |
|   X O |
|       |
---------
?[1;31m
Start test 60?[0m
input command: > start user easy
---------
|       |
|       |
|       |
---------
Enter the coordinates: > 2 2
---------
|       |
|   X   |
|       |
---------
Making move level "easy" 
---------
|       |
| O X   |
|       |
---------
?[1;31m
Start test 61?[0m
input command: > start user easy
---------
|       |
|       |
|       |
---------
Enter the coordinates: > 2 2
---------
|       |
|   X   |
|       |
---------
Making move level "easy" 
---------
|       |
|   X   |
| O     |
---------
?[1;31m
Start test 62?[0m
input command: > start user easy
---------
|       |
|       |
|       |
---------
Enter the coordinates: > 2 2
---------
|       |
|   X   |
|       |
---------
Making move level "easy" 
---------
|       |
|   X   |
| O     |
---------
?[1;31m
Start test 63?[0m
input command: > start user easy
---------
|       |
|       |
|       |
---------
Enter the coordinates: > 2 2
---------
|       |
|   X   |
|       |
---------
Making move level "easy" 
---------
|       |
| O X   |
|       |
---------
?[1;31m
Start test 64?[0m
input command: > start user easy
---------
|       |
|       |
|       |
---------
Enter the coordinates: > 2 2
---------
|       |
|   X   |
|       |
---------
Making move level "easy" 
---------
|       |
| O X   |
|       |
---------
?[1;31m
Start test 65?[0m
input command: > start user easy
---------
|       |
|       |
|       |
---------
Enter the coordinates: > 2 2
---------
|       |
|   X   |
|       |
---------
Making move level "easy" 
---------
|       |
| O X   |
|       |
---------
?[1;31m
Start test 66?[0m
input command: > start user easy
---------
|       |
|       |
|       |
---------
Enter the coordinates: > 2 2
---------
|       |
|   X   |
|       |
---------
Making move level "easy" 
---------
|     O |
|   X   |
|       |
---------
?[1;31m
Start test 67?[0m
input command: > start user easy
---------
|       |
|       |
|       |
---------
Enter the coordinates: > 2 2
---------
|       |
|   X   |
|       |
---------
Making move level "easy" 
---------
| O     |
|   X   |
|       |
---------
?[1;31m
Start test 68?[0m
input command: > start user easy
---------
|       |
|       |
|       |
---------
Enter the coordinates: > 2 2
---------
|       |
|   X   |
|       |
---------
Making move level "easy" 
---------
|       |
|   X O |
|       |
---------
?[1;31m
Start test 69?[0m
input command: > start user easy
---------
|       |
|       |
|       |
---------
Enter the coordinates: > 2 2
---------
|       |
|   X   |
|       |
---------
Making move level "easy" 
---------
|       |
|   X   |
|     O |
---------
?[1;31m
Start test 70?[0m
input command: > start user easy
---------
|       |
|       |
|       |
---------
Enter the coordinates: > 2 2
---------
|       |
|   X   |
|       |
---------
Making move level "easy" 
---------
|       |
|   X   |
|     O |
---------
?[1;31m
Start test 71?[0m
input command: > start user easy
---------
|       |
|       |
|       |
---------
Enter the coordinates: > 2 2
---------
|       |
|   X   |
|       |
---------
Making move level "easy" 
---------
|       |
|   X   |
|     O |
---------
?[1;31m
Start test 72?[0m
input command: > start user easy
---------
|       |
|       |
|       |
---------
Enter the coordinates: > 2 2
---------
|       |
|   X   |
|       |
---------
Making move level "easy" 
---------
|     O |
|   X   |
|       |
---------
?[1;31m
Start test 73?[0m
input command: > start user easy
---------
|       |
|       |
|       |
---------
Enter the coordinates: > 2 2
---------
|       |
|   X   |
|       |
---------
Making move level "easy" 
---------
|       |
|   X   |
|     O |
---------
?[1;31m
Start test 74?[0m
input command: > start user easy
---------
|       |
|       |
|       |
---------
Enter the coordinates: > 2 2
---------
|       |
|   X   |
|       |
---------
Making move level "easy" 
---------
|   O   |
|   X   |
|       |
---------
?[1;31m
Start test 75?[0m
input command: > start user easy
---------
|       |
|       |
|       |
---------
Enter the coordinates: > 2 2
---------
|       |
|   X   |
|       |
---------
Making move level "easy" 
---------
|       |
|   X O |
|       |
---------
?[1;31m
Start test 76?[0m
input command: > start user easy
---------
|       |
|       |
|       |
---------
Enter the coordinates: > 2 2
---------
|       |
|   X   |
|       |
---------
Making move level "easy" 
---------
|       |
|   X   |
|     O |
---------
?[1;31m
Start test 77?[0m
input command: > start user easy
---------
|       |
|       |
|       |
---------
Enter the coordinates: > 2 2
---------
|       |
|   X   |
|       |
---------
Making move level "easy" 
---------
|       |
| O X   |
|       |
---------
?[1;31m
Start test 78?[0m
input command: > start user easy
---------
|       |
|       |
|       |
---------
Enter the coordinates: > 2 2
---------
|       |
|   X   |
|       |
---------
Making move level "easy" 
---------
|       |
|   X   |
|   O   |
---------
?[1;31m
Start test 79?[0m
input command: > start user easy
---------
|       |
|       |
|       |
---------
Enter the coordinates: > 2 2
---------
|       |
|   X   |
|       |
---------
Making move level "easy" 
---------
|       |
|   X   |
|     O |
---------
?[1;31m
Start test 80?[0m
input command: > start user easy
---------
|       |
|       |
|       |
---------
Enter the coordinates: > 2 2
---------
|       |
|   X   |
|       |
---------
Making move level "easy" 
---------
|       |
|   X   |
| O     |
---------
?[1;31m
Start test 81?[0m
input command: > start user easy
---------
|       |
|       |
|       |
---------
Enter the coordinates: > 2 2
---------
|       |
|   X   |
|       |
---------
Making move level "easy" 
---------
|       |
|   X   |
|   O   |
---------
?[1;31m
Start test 82?[0m
input command: > start user easy
---------
|       |
|       |
|       |
---------
Enter the coordinates: > 2 2
---------
|       |
|   X   |
|       |
---------
Making move level "easy" 
---------
|     O |
|   X   |
|       |
---------
?[1;31m
Start test 83?[0m
input command: > start user easy
---------
|       |
|       |
|       |
---------
Enter the coordinates: > 2 2
---------
|       |
|   X   |
|       |
---------
Making move level "easy" 
---------
|       |
|   X O |
|       |
---------
?[1;31m
Start test 84?[0m
input command: > start user easy
---------
|       |
|       |
|       |
---------
Enter the coordinates: > 2 2
---------
|       |
|   X   |
|       |
---------
Making move level "easy" 
---------
|     O |
|   X   |
|       |
---------
?[1;31m
Start test 85?[0m
input command: > start user easy
---------
|       |
|       |
|       |
---------
Enter the coordinates: > 2 2
---------
|       |
|   X   |
|       |
---------
Making move level "easy" 
---------
|     O |
|   X   |
|       |
---------
?[1;31m
Start test 86?[0m
input command: > start user easy
---------
|       |
|       |
|       |
---------
Enter the coordinates: > 2 2
---------
|       |
|   X   |
|       |
---------
Making move level "easy" 
---------
|       |
|   X   |
|     O |
---------
?[1;31m
Start test 87?[0m
input command: > start user easy
---------
|       |
|       |
|       |
---------
Enter the coordinates: > 2 2
---------
|       |
|   X   |
|       |
---------
Making move level "easy" 
---------
| O     |
|   X   |
|       |
---------
?[1;31m
Start test 88?[0m
input command: > start user easy
---------
|       |
|       |
|       |
---------
Enter the coordinates: > 2 2
---------
|       |
|   X   |
|       |
---------
Making move level "easy" 
---------
|       |
| O X   |
|       |
---------
?[1;31m
Start test 89?[0m
input command: > start user easy
---------
|       |
|       |
|       |
---------
Enter the coordinates: > 2 2
---------
|       |
|   X   |
|       |
---------
Making move level "easy" 
---------
|       |
|   X O |
|       |
---------
?[1;31m
Start test 90?[0m
input command: > start user easy
---------
|       |
|       |
|       |
---------
Enter the coordinates: > 2 2
---------
|       |
|   X   |
|       |
---------
Making move level "easy" 
---------
|       |
|   X O |
|       |
---------
?[1;31m
Start test 91?[0m
input command: > start user easy
---------
|       |
|       |
|       |
---------
Enter the coordinates: > 2 2
---------
|       |
|   X   |
|       |
---------
Making move level "easy" 
---------
|       |
|   X   |
|     O |
---------
?[1;31m
Start test 92?[0m
input command: > start user easy
---------
|       |
|       |
|       |
---------
Enter the coordinates: > 2 2
---------
|       |
|   X   |
|       |
---------
Making move level "easy" 
---------
| O     |
|   X   |
|       |
---------
?[1;31m
Start test 93?[0m
input command: > start user easy
---------
|       |
|       |
|       |
---------
Enter the coordinates: > 2 2
---------
|       |
|   X   |
|       |
---------
Making move level "easy" 
---------
|       |
|   X   |
|     O |
---------
?[1;31m
Start test 94?[0m
input command: > start user easy
---------
|       |
|       |
|       |
---------
Enter the coordinates: > 2 2
---------
|       |
|   X   |
|       |
---------
Making move level "easy" 
---------
|       |
|   X   |
|     O |
---------
?[1;31m
Start test 95?[0m
input command: > start user easy
---------
|       |
|       |
|       |
---------
Enter the coordinates: > 2 2
---------
|       |
|   X   |
|       |
---------
Making move level "easy" 
---------
|       |
|   X   |
|   O   |
---------
?[1;31m
Start test 96?[0m
input command: > start user easy
---------
|       |
|       |
|       |
---------
Enter the coordinates: > 2 2
---------
|       |
|   X   |
|       |
---------
Making move level "easy" 
---------
|       |
|   X   |
|     O |
---------
?[1;31m
Start test 97?[0m
input command: > start user easy
---------
|       |
|       |
|       |
---------
Enter the coordinates: > 2 2
---------
|       |
|   X   |
|       |
---------
Making move level "easy" 
---------
|       |
|   X   |
|     O |
---------
?[1;31m
Start test 98?[0m
input command: > start user easy
---------
|       |
|       |
|       |
---------
Enter the coordinates: > 2 2
---------
|       |
|   X   |
|       |
---------
Making move level "easy" 
---------
|       |
|   X   |
|   O   |
---------
?[1;31m
Start test 99?[0m
input command: > start user easy
---------
|       |
|       |
|       |
---------
Enter the coordinates: > 2 2
---------
|       |
|   X   |
|       |
---------
Making move level "easy" 
---------
|       |
|   X   |
| O     |
---------
?[1;31m
Start test 100?[0m
input command: > start user easy
---------
|       |
|       |
|       |
---------
Enter the coordinates: > 2 2
---------
|       |
|   X   |
|       |
---------
Making move level "easy" 
---------
| O     |
|   X   |
|       |
---------
?[1;31m
Start test 101?[0m
input command: > start user easy
---------
|       |
|       |
|       |
---------
Enter the coordinates: > 2 2
---------
|       |
|   X   |
|       |
---------
Making move level "easy" 
---------
| O     |
|   X   |
|       |
---------
?[1;31m
Start test 102?[0m
input command: > start user easy
---------
|       |
|       |
|       |
---------
Enter the coordinates: > 2 2
---------
|       |
|   X   |
|       |
---------
Making move level "easy" 
---------
|       |
|   X   |
| O     |
---------
?[1;31m
Start test 103?[0m
?[1;31m
Start test 104?[0m
input command: > start user easy
---------
|       |
|       |
|       |
---------
Enter the coordinates: > 2 2
---------
|       |
|   X   |
|       |
---------
Making move level "easy" 
---------
|       |
|   X O |
|       |
---------
Enter the coordinates: > 1 1
---------
| X     |
|   X O |
|       |
---------
Making move level "easy" 
---------
| X     |
|   X O |
| O     |
---------
?[1;31m
Start test 105?[0m
?[1;31m
Start test 106?[0m
?[1;31m
Start test 107?[0m
?[1;31m
Start test 108?[0m
?[1;31m
Start test 109?[0m
?[1;31m
Start test 110?[0m
?[1;31m
Start test 111?[0m
?[1;31m
Start test 112?[0m
?[1;31m
Start test 113?[0m
?[1;31m
Start test 114?[0m
?[1;31m
Start test 115?[0m
?[1;31m
Start test 116?[0m
?[1;31m
Start test 117?[0m
?[1;31m
Start test 118?[0m
?[1;31m
Start test 119?[0m
?[1;31m
Start test 120?[0m
?[1;31m
Start test 121?[0m
?[1;31m
Start test 122?[0m
?[1;31m
Start test 123?[0m
?[1;31m
Start test 124?[0m
?[1;31m
Start test 125?[0m
?[1;31m
Start test 126?[0m
?[1;31m
Start test 127?[0m
?[1;31m
Start test 128?[0m
?[1;31m
Start test 129?[0m
?[1;31m
Start test 130?[0m
?[1;31m
Start test 131?[0m
?[1;31m
Start test 132?[0m
?[1;31m
Start test 133?[0m
?[1;31m
Start test 134?[0m
?[1;31m
Start test 135?[0m
input command: > start easy easy
---------
|       |
|       |
|       |
---------
Making move level "easy" 
---------
|       |
|   X   |
|       |
---------
Making move level "easy" 
---------
|   O   |
|   X   |
|       |
---------
Making move level "easy" 
---------
|   O   |
| X X   |
|       |
---------
Making move level "easy" 
---------
|   O O |
| X X   |
|       |
---------
Making move level "easy" 
---------
|   O O |
| X X   |
|     X |
---------
Making move level "easy" 
---------
| O O O |
| X X   |
|     X |
---------
O wins
?[1;31m
Start test 136?[0m
input command: > start user medium
---------
|       |
|       |
|       |
---------
Enter the coordinates: > 2 2
---------
|       |
|   X   |
|       |
---------
Making move level "medium" 
---------
|       |
| O X   |
|       |
---------
Enter the coordinates: > 1 1
---------
| X     |
| O X   |
|       |
---------
Making move level "medium" 
---------
| X     |
| O X   |
|     O |
---------
?[1;31m
Start test 137?[0m
input command: > start user medium
---------
|       |
|       |
|       |
---------
Enter the coordinates: > 2 2
---------
|       |
|   X   |
|       |
---------
Making move level "medium" 
---------
|       |
|   X   |
|   O   |
---------
Enter the coordinates: > 1 1
---------
| X     |
|   X   |
|   O   |
---------
Making move level "medium" 
---------
| X     |
|   X   |
|   O O |
---------
?[1;31m
Start test 138?[0m
input command: > start user medium
---------
|       |
|       |
|       |
---------
Enter the coordinates: > 2 2
---------
|       |
|   X   |
|       |
---------
Making move level "medium" 
---------
|       |
|   X   |
|     O |
---------
Enter the coordinates: > 1 3
---------
|     X |
|   X   |
|     O |
---------
Making move level "medium" 
---------
|     X |
|   X   |
| O   O |
---------
?[1;31m
Start test 139?[0m
input command: > start user medium
---------
|       |
|       |
|       |
---------
Enter the coordinates: > 2 2
---------
|       |
|   X   |
|       |
---------
Making move level "medium" 
---------
|       |
| O X   |
|       |
---------
Enter the coordinates: > 1 1
---------
| X     |
| O X   |
|       |
---------
Making move level "medium" 
---------
| X     |
| O X   |
|     O |
---------
?[1;31m
Start test 140?[0m
input command: > start user medium
---------
|       |
|       |
|       |
---------
Enter the coordinates: > 2 2
---------
|       |
|   X   |
|       |
---------
Making move level "medium" 
---------
|       |
|   X   |
| O     |
---------
Enter the coordinates: > 1 1
---------
| X     |
|   X   |
| O     |
---------
Making move level "medium" 
---------
| X     |
|   X   |
| O   O |
---------
?[1;31m
Start test 141?[0m
input command: > start user medium
---------
|       |
|       |
|       |
---------
Enter the coordinates: > 2 2
---------
|       |
|   X   |
|       |
---------
Making move level "medium" 
---------
|       |
| O X   |
|       |
---------
Enter the coordinates: > 1 1
---------
| X     |
| O X   |
|       |
---------
Making move level "medium" 
---------
| X     |
| O X   |
|     O |
---------
?[1;31m
Start test 142?[0m
input command: > start user medium
---------
|       |
|       |
|       |
---------
Enter the coordinates: > 2 2
---------
|       |
|   X   |
|       |
---------
Making move level "medium" 
---------
|     O |
|   X   |
|       |
---------
Enter the coordinates: > 1 1
---------
| X   O |
|   X   |
|       |
---------
Making move level "medium" 
---------
| X   O |
|   X   |
|     O |
---------
?[1;31m
Start test 143?[0m
input command: > start user medium
---------
|       |
|       |
|       |
---------
Enter the coordinates: > 2 2
---------
|       |
|   X   |
|       |
---------
Making move level "medium" 
---------
|       |
|   X O |
|       |
---------
Enter the coordinates: > 1 1
---------
| X     |
|   X O |
|       |
---------
Making move level "medium" 
---------
| X     |
|   X O |
|     O |
---------
?[1;31m
Start test 144?[0m
input command: > start user medium
---------
|       |
|       |
|       |
---------
Enter the coordinates: > 2 2
---------
|       |
|   X   |
|       |
---------
Making move level "medium" 
---------
|       |
| O X   |
|       |
---------
Enter the coordinates: > 1 1
---------
| X     |
| O X   |
|       |
---------
Making move level "medium" 
---------
| X     |
| O X   |
|     O |
---------
?[1;31m
Start test 145?[0m
input command: > start user medium
---------
|       |
|       |
|       |
---------
Enter the coordinates: > 2 2
---------
|       |
|   X   |
|       |
---------
Making move level "medium" 
---------
|     O |
|   X   |
|       |
---------
Enter the coordinates: > 1 1
---------
| X   O |
|   X   |
|       |
---------
Making move level "medium" 
---------
| X   O |
|   X   |
|     O |
---------
?[1;31m
Start test 146?[0m
input command: > start medium medium
---------
|       |
|       |
|       |
---------
Making move level "medium" 
---------
|     X |
|       |
|       |
---------
Making move level "medium" 
---------
|   O X |
|       |
|       |
---------
Making move level "medium" 
---------
|   O X |
|       |
|     X |
---------
Making move level "medium" 
---------
|   O X |
|     O |
|     X |
---------
Making move level "medium" 
---------
|   O X |
|     O |
|   X X |
---------
Making move level "medium" 
---------
|   O X |
|     O |
| O X X |
---------
Making move level "medium" 
---------
|   O X |
|   X O |
| O X X |
---------
Making move level "medium" 
---------
| O O X |
|   X O |
| O X X |
---------
Making move level "medium" 
---------
| O O X |
| X X O |
| O X X |
---------
Draw
?[1;31m
Start test 147?[0m
input command: > start medium medium
---------
|       |
|       |
|       |
---------
Making move level "medium" 
---------
| X     |
|       |
|       |
---------
Making move level "medium" 
---------
| X     |
|   O   |
|       |
---------
Making move level "medium" 
---------
| X     |
|   O X |
|       |
---------
Making move level "medium" 
---------
| X O   |
|   O X |
|       |
---------
Making move level "medium" 
---------
| X O   |
|   O X |
|   X   |
---------
Making move level "medium" 
---------
| X O   |
| O O X |
|   X   |
---------
Making move level "medium" 
---------
| X O   |
| O O X |
|   X X |
---------
Making move level "medium" 
---------
| X O O |
| O O X |
|   X X |
---------
Making move level "medium" 
---------
| X O O |
| O O X |
| X X X |
---------
X wins
?[1;31m
Start test 148?[0m
input command: > start medium medium
---------
|       |
|       |
|       |
---------
Making move level "medium" 
---------
|   X   |
|       |
|       |
---------
Making move level "medium" 
---------
|   X O |
|       |
|       |
---------
Making move level "medium" 
---------
|   X O |
|       |
| X     |
---------
Making move level "medium" 
---------
|   X O |
|   O   |
| X     |
---------
Making move level "medium" 
---------
|   X O |
|   O   |
| X X   |
---------
Making move level "medium" 
---------
|   X O |
|   O   |
| X X O |
---------
Making move level "medium" 
---------
| X X O |
|   O   |
| X X O |
---------
Making move level "medium" 
---------
| X X O |
|   O O |
| X X O |
---------
O wins
?[1;31m
Start test 149?[0m
input command: > start medium medium
---------
|       |
|       |
|       |
---------
Making move level "medium" 
---------
|       |
|       |
|     X |
---------
Making move level "medium" 
---------
|       |
|       |
|   O X |
---------
Making move level "medium" 
---------
|     X |
|       |
|   O X |
---------
Making move level "medium" 
---------
|     X |
|     O |
|   O X |
---------
Making move level "medium" 
---------
|     X |
|     O |
| X O X |
---------
Making move level "medium" 
---------
|     X |
|   O O |
| X O X |
---------
Making move level "medium" 
---------
|   X X |
|   O O |
| X O X |
---------
Making move level "medium" 
---------
|   X X |
| O O O |
| X O X |
---------
O wins
?[1;31m
Start test 150?[0m
input command: > start medium medium
---------
|       |
|       |
|       |
---------
Making move level "medium" 
---------
|       |
|       |
|     X |
---------
Making move level "medium" 
---------
|       |
|     O |
|     X |
---------
Making move level "medium" 
---------
|       |
|     O |
| X   X |
---------
Making move level "medium" 
---------
|       |
|     O |
| X O X |
---------
Making move level "medium" 
---------
|       |
|   X O |
| X O X |
---------
Making move level "medium" 
---------
| O     |
|   X O |
| X O X |
---------
Making move level "medium" 
---------
| O   X |
|   X O |
| X O X |
---------
X wins
?[1;31m
Start test 151?[0m
input command: > start user medium
---------
|       |
|       |
|       |
---------
Enter the coordinates: > 2 2
---------
|       |
|   X   |
|       |
---------
Making move level "medium" 
---------
|       |
|   X   |
|   O   |
---------
?[1;31m
Start test 152?[0m
?[1;31m
Start test 153?[0m
?[1;31m
Start test 154?[0m
?[1;31m
Start test 155?[0m
?[1;31m
Start test 156?[0m
?[1;31m
Start test 157?[0m
?[1;31m
Start test 158?[0m
?[1;31m
Start test 159?[0m
?[1;31m
Start test 160?[0m
?[1;31m
Start test 161?[0m
?[1;31m
Start test 162?[0m
?[1;31m
Start test 163?[0m
?[1;31m
Start test 164?[0m
?[1;31m
Start test 165?[0m
?[1;31m
Start test 166?[0m
?[1;31m
Start test 167?[0m
?[1;31m
Start test 168?[0m
?[1;31m
Start test 169?[0m
?[1;31m
Start test 170?[0m
?[1;31m
Start test 171?[0m
?[1;31m
Start test 172?[0m
?[1;31m
Start test 173?[0m
?[1;31m
Start test 174?[0m
?[1;31m
Start test 175?[0m
?[1;31m
Start test 176?[0m
?[1;31m
Start test 177?[0m
?[1;31m
Start test 178?[0m
?[1;31m
Start test 179?[0m
?[1;31m
Start test 180?[0m
?[1;31m
Start test 181?[0m
?[1;31m
Start test 182?[0m
input command: > start user hard
---------
|       |
|       |
|       |
---------
Enter the coordinates: > 1 1
---------
| X     |
|       |
|       |
---------
0
1
1
1
Making move level "hard" 
---------
| X     |
|   O   |
|       |
---------
Enter the coordinates: > 1 2
---------
| X X   |
|   O   |
|       |
---------
0
2
Making move level "hard" 
---------
| X X O |
|   O   |
|       |
---------
Enter the coordinates: > 3 1
---------
| X X O |
|   O   |
| X     |
---------
1
0
Making move level "hard" 
---------
| X X O |
| O O   |
| X     |
---------
Enter the coordinates: > 2 3
---------
| X X O |
| O O X |
| X     |
---------
2
1
Making move level "hard" 
---------
| X X O |
| O O X |
| X O   |
---------
Enter the coordinates: > 3 3
---------
| X X O |
| O O X |
| X O X |
---------
Draw
?[1;31m
Start test 183?[0m
input command: > start hard hard
---------
|       |
|       |
|       |
---------
0
0
Making move level "hard" 
---------
| X     |
|       |
|       |
---------
0
1
1
1
Making move level "hard" 
---------
| X     |
|   O   |
|       |
---------
0
1
Making move level "hard" 
---------
| X X   |
|   O   |
|       |
---------
0
2
Making move level "hard" 
---------
| X X O |
|   O   |
|       |
---------
1
0
2
0
Making move level "hard" 
---------
| X X O |
|   O   |
| X     |
---------
1
0
Making move level "hard" 
---------
| X X O |
| O O   |
| X     |
---------
1
2
Making move level "hard" 
---------
| X X O |
| O O X |
| X     |
---------
2
1
Making move level "hard" 
---------
| X X O |
| O O X |
| X O   |
---------
2
2
Making move level "hard" 
---------
| X X O |
| O O X |
| X O X |
---------
Draw
?[1;31m
Start test 184?[0m
input command: > start hard hard
---------
|       |
|       |
|       |
---------
0
0
Making move level "hard" 
---------
| X     |
|       |
|       |
---------
0
1
1
1
Making move level "hard" 
---------
| X     |
|   O   |
|       |
---------
0
1
Making move level "hard" 
---------
| X X   |
|   O   |
|       |
---------
0
2
Making move level "hard" 
---------
| X X O |
|   O   |
|       |
---------
1
0
2
0
Making move level "hard" 
---------
| X X O |
|   O   |
| X     |
---------
1
0
Making move level "hard" 
---------
| X X O |
| O O   |
| X     |
---------
1
2
Making move level "hard" 
---------
| X X O |
| O O X |
| X     |
---------
2
1
Making move level "hard" 
---------
| X X O |
| O O X |
| X O   |
---------
2
2
Making move level "hard" 
---------
| X X O |
| O O X |
| X O X |
---------
Draw
?[1;31m
Start test 185?[0m
input command: > start hard hard
---------
|       |
|       |
|       |
---------
0
0
Making move level "hard" 
---------
| X     |
|       |
|       |
---------
0
1
1
1
Making move level "hard" 
---------
| X     |
|   O   |
|       |
---------
0
1
Making move level "hard" 
---------
| X X   |
|   O   |
|       |
---------
0
2
Making move level "hard" 
---------
| X X O |
|   O   |
|       |
---------
1
0
2
0
Making move level "hard" 
---------
| X X O |
|   O   |
| X     |
---------
1
0
Making move level "hard" 
---------
| X X O |
| O O   |
| X     |
---------
1
2
Making move level "hard" 
---------
| X X O |
| O O X |
| X     |
---------
2
1
Making move level "hard" 
---------
| X X O |
| O O X |
| X O   |
---------
2
2
Making move level "hard" 
---------
| X X O |
| O O X |
| X O X |
---------
Draw
?[1;31m
Start test 186?[0m
input command: > start hard hard
---------
|       |
|       |
|       |
---------
0
0
Making move level "hard" 
---------
| X     |
|       |
|       |
---------
0
1
1
1
Making move level "hard" 
---------
| X     |
|   O   |
|       |
---------
0
1
Making move level "hard" 
---------
| X X   |
|   O   |
|       |
---------
0
2
Making move level "hard" 
---------
| X X O |
|   O   |
|       |
---------
1
0
2
0
Making move level "hard" 
---------
| X X O |
|   O   |
| X     |
---------
1
0
Making move level "hard" 
---------
| X X O |
| O O   |
| X     |
---------
1
2
Making move level "hard" 
---------
| X X O |
| O O X |
| X     |
---------
2
1
Making move level "hard" 
---------
| X X O |
| O O X |
| X O   |
---------
2
2
Making move level "hard" 
---------
| X X O |
| O O X |
| X O X |
---------
Draw
?[1;31m
Start test 187?[0m
input command: > start hard hard
---------
|       |
|       |
|       |
---------
0
0
Making move level "hard" 
---------
| X     |
|       |
|       |
---------
0
1
1
1
Making move level "hard" 
---------
| X     |
|   O   |
|       |
---------
0
1
Making move level "hard" 
---------
| X X   |
|   O   |
|       |
---------
0
2
Making move level "hard" 
---------
| X X O |
|   O   |
|       |
---------
1
0
2
0
Making move level "hard" 
---------
| X X O |
|   O   |
| X     |
---------
1
0
Making move level "hard" 
---------
| X X O |
| O O   |
| X     |
---------
1
2
Making move level "hard" 
---------
| X X O |
| O O X |
| X     |
---------
2
1
Making move level "hard" 
---------
| X X O |
| O O X |
| X O   |
---------
2
2
Making move level "hard" 
---------
| X X O |
| O O X |
| X O X |
---------
Draw
]]></system-out>
  <system-err><![CDATA[]]></system-err>
</testsuite>
